Using pre-set license
Built from '2020.3/staging' branch; Version is '2020.3.0f1 (c7b5465681fb) revision 13088070'; Using compiler version '192528614'; Build Type 'Release'
OS: 'Windows 10 Home; OS build 19041.867; Version 2004; 64bit' Language: 'cs' Physical Memory: 16299 MB
BatchMode: 1, IsHumanControllingUs: 0, StartBugReporterOnCrash: 0, Is64bit: 1, IsPro: 0

 COMMAND LINE ARGUMENTS:
C:\Program Files\Unity\Hub\Editor\2020.3.0f1\Editor\Unity.exe
-adb2
-batchMode
-noUpm
-name
AssetImportWorker0
-projectPath
D:/UnityProjects/Little-Witch
-logFile
Logs/AssetImportWorker0.log
-srvPort
62940
Successfully changed project path to: D:/UnityProjects/Little-Witch
D:/UnityProjects/Little-Witch
Using Asset Import Pipeline V2.
Refreshing native plugins compatible for Editor in 42.77 ms, found 0 plugins.
Preloading 0 native plugins for Editor in 0.00 ms.
Initialize engine version: 2020.3.0f1 (c7b5465681fb)
[Subsystems] Discovering subsystems at path C:/Program Files/Unity/Hub/Editor/2020.3.0f1/Editor/Data/Resources/UnitySubsystems
[Subsystems] Discovering subsystems at path D:/UnityProjects/Little-Witch/Assets
GfxDevice: creating device client; threaded=0
Direct3D:
    Version:  Direct3D 11.0 [level 11.1]
    Renderer: Radeon(TM) RX 580 (ID=0x67df)
    Vendor:   
    VRAM:     8172 MB
    Driver:   26.20.14038.2009
Initialize mono
Mono path[0] = 'C:/Program Files/Unity/Hub/Editor/2020.3.0f1/Editor/Data/Managed'
Mono path[1] = 'C:/Program Files/Unity/Hub/Editor/2020.3.0f1/Editor/Data/MonoBleedingEdge/lib/mono/unityjit'
Mono config path = 'C:/Program Files/Unity/Hub/Editor/2020.3.0f1/Editor/Data/MonoBleedingEdge/etc'
Using monoOptions --debugger-agent=transport=dt_socket,embedding=1,server=y,suspend=n,address=127.0.0.1:56452
Begin MonoManager ReloadAssembly
Registering precompiled unity dll's ...
Register platform support module: C:/Program Files/Unity/Hub/Editor/2020.3.0f1/Editor/Data/PlaybackEngines/WebGLSupport/UnityEditor.WebGL.Extensions.dll
Register platform support module: C:/Program Files/Unity/Hub/Editor/2020.3.0f1/Editor/Data/PlaybackEngines/WindowsStandaloneSupport/UnityEditor.WindowsStandalone.Extensions.dll
Registered in 0.003141 seconds.
Native extension for WindowsStandalone target not found
Native extension for WebGL target not found
Refreshing native plugins compatible for Editor in 43.73 ms, found 0 plugins.
Preloading 0 native plugins for Editor in 0.00 ms.
Invoked RoslynAnalysisRunner static constructor.
RoslynAnalysisRunner will not be running.
RoslynAnalysisRunner has terminated.
Mono: successfully reloaded assembly
- Completed reload, in  1.428 seconds
Platform modules already initialized, skipping
Registering precompiled user dll's ...
Registered in 0.001039 seconds.
Begin MonoManager ReloadAssembly
Native extension for WindowsStandalone target not found
Native extension for WebGL target not found
Refreshing native plugins compatible for Editor in 45.90 ms, found 0 plugins.
Preloading 0 native plugins for Editor in 0.00 ms.
Invoked RoslynAnalysisRunner static constructor.
RoslynAnalysisRunner will not be running.
RoslynAnalysisRunner has terminated.
Mono: successfully reloaded assembly
- Completed reload, in  0.993 seconds
Platform modules already initialized, skipping
========================================================================
Worker process is ready to serve import requests
Shader 'Universal Render Pipeline/Particles/Lit': fallback shader 'Universal Render Pipeline/Particles/SimpleLit' not found
Shader 'Universal Render Pipeline/Particles/Lit': fallback shader 'Universal Render Pipeline/Particles/SimpleLit' not found
Launched and connected shader compiler UnityShaderCompiler.exe after 0.04 seconds
Refreshing native plugins compatible for Editor in 0.45 ms, found 0 plugins.
Preloading 0 native plugins for Editor in 0.00 ms.
Unloading 2424 Unused Serialized files (Serialized files now loaded: 0)
System memory in use before: 121.7 MB.
System memory in use after: 119.6 MB.

Unloading 41 unused Assets to reduce memory usage. Loaded Objects now: 2847.
Total: 3.540100 ms (FindLiveObjects: 0.388900 ms CreateObjectMapping: 0.077700 ms MarkObjects: 1.754500 ms  DeleteObjects: 1.317900 ms)

========================================================================
Received Import Request.
  path: Assets/Materials/SampleToonMat.mat
  artifactKey: Guid(5d6d37ff12ff22641901a5aff5dbae31) Importer(815301076,1909f56bfc062723c751e8b465ee728b)
Start importing Assets/Materials/SampleToonMat.mat using Guid(5d6d37ff12ff22641901a5aff5dbae31) Importer(815301076,1909f56bfc062723c751e8b465ee728b)  -> (artifact id: '0ae0eb5d7ce8e6eeb3de8975cf4397ea') in 0.237760 seconds
  Import took 0.241730 seconds .

========================================================================
Received Import Request.
  Time since last request: 1014.603352 seconds.
  path: Assets/Materials/SampleToonMat.mat
  artifactKey: Guid(5d6d37ff12ff22641901a5aff5dbae31) Importer(815301076,1909f56bfc062723c751e8b465ee728b)
Start importing Assets/Materials/SampleToonMat.mat using Guid(5d6d37ff12ff22641901a5aff5dbae31) Importer(815301076,1909f56bfc062723c751e8b465ee728b)  -> (artifact id: '0d26694d916e6927b64d8e275773de7e') in 0.023890 seconds
  Import took 0.027874 seconds .

========================================================================
Received Import Request.
  Time since last request: 143.952606 seconds.
  path: Assets/Materials/SampleToonMat.mat
  artifactKey: Guid(5d6d37ff12ff22641901a5aff5dbae31) Importer(815301076,1909f56bfc062723c751e8b465ee728b)
Start importing Assets/Materials/SampleToonMat.mat using Guid(5d6d37ff12ff22641901a5aff5dbae31) Importer(815301076,1909f56bfc062723c751e8b465ee728b)  -> (artifact id: 'bf9c4b77a451edebf7c502f89eb72ce9') in 0.009487 seconds
  Import took 0.013218 seconds .

========================================================================
Received Import Request.
  Time since last request: 14.419871 seconds.
  path: Assets/Materials/SampleToonMat.mat
  artifactKey: Guid(5d6d37ff12ff22641901a5aff5dbae31) Importer(815301076,1909f56bfc062723c751e8b465ee728b)
Start importing Assets/Materials/SampleToonMat.mat using Guid(5d6d37ff12ff22641901a5aff5dbae31) Importer(815301076,1909f56bfc062723c751e8b465ee728b)  -> (artifact id: '6c913750c7353d8f2d998024f01ca99c') in 0.009706 seconds
  Import took 0.013461 seconds .

========================================================================
Received Import Request.
  Time since last request: 171.922644 seconds.
  path: Assets/Materials/SampleToonMat.mat
  artifactKey: Guid(5d6d37ff12ff22641901a5aff5dbae31) Importer(815301076,1909f56bfc062723c751e8b465ee728b)
Start importing Assets/Materials/SampleToonMat.mat using Guid(5d6d37ff12ff22641901a5aff5dbae31) Importer(815301076,1909f56bfc062723c751e8b465ee728b)  -> (artifact id: 'ae01a28e717232796119d2f7cc246d76') in 0.013981 seconds
  Import took 0.017797 seconds .

========================================================================
Received Import Request.
  Time since last request: 69.162603 seconds.
  path: Assets/Materials/SampleToonMat.mat
  artifactKey: Guid(5d6d37ff12ff22641901a5aff5dbae31) Importer(815301076,1909f56bfc062723c751e8b465ee728b)
Start importing Assets/Materials/SampleToonMat.mat using Guid(5d6d37ff12ff22641901a5aff5dbae31) Importer(815301076,1909f56bfc062723c751e8b465ee728b)  -> (artifact id: '77ae0e9c852b2acfa14a877f6b4a5dc7') in 0.015795 seconds
  Import took 0.019761 seconds .

========================================================================
Received Import Request.
  Time since last request: 19.682801 seconds.
  path: Assets/Materials/SampleToonMat.mat
  artifactKey: Guid(5d6d37ff12ff22641901a5aff5dbae31) Importer(815301076,1909f56bfc062723c751e8b465ee728b)
Start importing Assets/Materials/SampleToonMat.mat using Guid(5d6d37ff12ff22641901a5aff5dbae31) Importer(815301076,1909f56bfc062723c751e8b465ee728b)  -> (artifact id: '076994cf6a39f205f84da6790f5b8080') in 0.008887 seconds
  Import took 0.012787 seconds .

========================================================================
Received Import Request.
  Time since last request: 152.347678 seconds.
  path: Assets/Materials/SampleToonMat.mat
  artifactKey: Guid(5d6d37ff12ff22641901a5aff5dbae31) Importer(815301076,1909f56bfc062723c751e8b465ee728b)
Start importing Assets/Materials/SampleToonMat.mat using Guid(5d6d37ff12ff22641901a5aff5dbae31) Importer(815301076,1909f56bfc062723c751e8b465ee728b)  -> (artifact id: 'e151da28f37f99bc2a3ca79f3e0c204e') in 0.017204 seconds
  Import took 0.020962 seconds .

========================================================================
Received Import Request.
  Time since last request: 70.490783 seconds.
  path: Assets/Materials/SampleToonMat.mat
  artifactKey: Guid(5d6d37ff12ff22641901a5aff5dbae31) Importer(815301076,1909f56bfc062723c751e8b465ee728b)
Start importing Assets/Materials/SampleToonMat.mat using Guid(5d6d37ff12ff22641901a5aff5dbae31) Importer(815301076,1909f56bfc062723c751e8b465ee728b)  -> (artifact id: 'd8b4588390201c2d4141328523b922b3') in 0.013086 seconds
  Import took 0.016875 seconds .

========================================================================
Received Import Request.
  Time since last request: 310.333142 seconds.
  path: Assets/BrokenVector/LowPolyTreePack/Models/Tree Type6 03.dae
  artifactKey: Guid(f6e7f2100b2c5544d94468d977d66b29) Importer(815301076,1909f56bfc062723c751e8b465ee728b)
Start importing Assets/BrokenVector/LowPolyTreePack/Models/Tree Type6 03.dae using Guid(f6e7f2100b2c5544d94468d977d66b29) Importer(815301076,1909f56bfc062723c751e8b465ee728b)  -> (artifact id: '8bdcdef4b949089fd08a3617ef4567d0') in 0.111910 seconds
  Import took 0.115776 seconds .

========================================================================
Received Import Request.
  Time since last request: 7.467472 seconds.
  path: Assets/BrokenVector/LowPolyTreePack/Models/Tree Type6 03.dae
  artifactKey: Guid(f6e7f2100b2c5544d94468d977d66b29) Importer(815301076,1909f56bfc062723c751e8b465ee728b)
Start importing Assets/BrokenVector/LowPolyTreePack/Models/Tree Type6 03.dae using Guid(f6e7f2100b2c5544d94468d977d66b29) Importer(815301076,1909f56bfc062723c751e8b465ee728b)  -> (artifact id: 'cc2764824c4d3b7d0111e1d4c14bffe2') in 0.017306 seconds
  Import took 0.020938 seconds .

========================================================================
Received Import Request.
  Time since last request: 0.015298 seconds.
  path: Assets/BrokenVector/LowPolyTreePack/Models/Tree Type6 03.dae
  artifactKey: Guid(f6e7f2100b2c5544d94468d977d66b29) Importer(815301076,1909f56bfc062723c751e8b465ee728b)
Start importing Assets/BrokenVector/LowPolyTreePack/Models/Tree Type6 03.dae using Guid(f6e7f2100b2c5544d94468d977d66b29) Importer(815301076,1909f56bfc062723c751e8b465ee728b)  -> (artifact id: 'cc2764824c4d3b7d0111e1d4c14bffe2') in 0.017591 seconds
  Import took 0.021350 seconds .

========================================================================
Received Import Request.
  Time since last request: 4.011472 seconds.
  path: Assets/BrokenVector/LowPolyTreePack/Models/Tree Type6 03.dae
  artifactKey: Guid(f6e7f2100b2c5544d94468d977d66b29) Importer(815301076,1909f56bfc062723c751e8b465ee728b)
Start importing Assets/BrokenVector/LowPolyTreePack/Models/Tree Type6 03.dae using Guid(f6e7f2100b2c5544d94468d977d66b29) Importer(815301076,1909f56bfc062723c751e8b465ee728b)  -> (artifact id: 'aee620b91817cec7702847c025454009') in 0.017242 seconds
  Import took 0.020969 seconds .

========================================================================
Received Import Request.
  Time since last request: 0.007580 seconds.
  path: Assets/BrokenVector/LowPolyTreePack/Models/Tree Type6 03.dae
  artifactKey: Guid(f6e7f2100b2c5544d94468d977d66b29) Importer(815301076,1909f56bfc062723c751e8b465ee728b)
Start importing Assets/BrokenVector/LowPolyTreePack/Models/Tree Type6 03.dae using Guid(f6e7f2100b2c5544d94468d977d66b29) Importer(815301076,1909f56bfc062723c751e8b465ee728b)  -> (artifact id: 'aee620b91817cec7702847c025454009') in 0.017751 seconds
  Import took 0.021576 seconds .

========================================================================
Received Import Request.
  Time since last request: 30.003789 seconds.
  path: Assets/Materials/SampleToonMat.mat
  artifactKey: Guid(5d6d37ff12ff22641901a5aff5dbae31) Importer(815301076,1909f56bfc062723c751e8b465ee728b)
Start importing Assets/Materials/SampleToonMat.mat using Guid(5d6d37ff12ff22641901a5aff5dbae31) Importer(815301076,1909f56bfc062723c751e8b465ee728b)  -> (artifact id: 'ac0525643be5b11a9f46683384d65dfe') in 0.008605 seconds
  Import took 0.012411 seconds .

AssetImportWorkerClient::OnTransportError - code=2 error=End of file
